2021/12/02 16:51:37 
TimePassed for 3.000000 seconds, finished jobs count: 0. 
cluster info: 
&struct { Now simulator.Time; GPU2JobQueueLength map[*simulator.GPU]int }{
    Now:                3,
    GPU2JobQueueLength: {&simulator.GPU{gpuID:0, gpuType:"T4"}:1, &simulator.GPU{gpuID:1, gpuType:"V100"}:0},
}.
2021/12/02 16:51:37 
==================================================Finished:0==================================================
struct { *simulator.Job; *simulator.JobMeta }{
    Job: &simulator.Job{
        jobName:         "job3",
        executionDetail: &simulator.JobExecutionDetail{
            jobName:         "job3",
            executionRanges: {
                &simulator.GPU{gpuID:1, gpuType:"V100"}: {
                    &simulator.JobExecutionRange{
                        gpu:               &simulator.GPU{(CYCLIC REFERENCE)},
                        jobName:           "job3",
                        timeRange:         &simulator.TimeRange{start:0, end:3},
                        completenessRatio: 1,
                    },
                },
            },
        },
        firstExecutionTime:  0,
        finishExecutionTime: 3,
        remainingRatio:      0,
        isRunning:           false,
    },
    JobMeta: &simulator.JobMeta{
        jobName:    "job3",
        submitTime: 0,
        ddl:        6,
        durations:  {"T4":5, "V100":3},
    },
}===============================================================================================================
2021/12/02 16:51:37 
TimePassed for 6.000000 seconds, finished jobs count: 1. 
cluster info: 
&struct { Now simulator.Time; GPU2JobQueueLength map[*simulator.GPU]int }{
    Now:                9,
    GPU2JobQueueLength: {&simulator.GPU{gpuID:0, gpuType:"T4"}:1, &simulator.GPU{gpuID:1, gpuType:"V100"}:0},
}.
2021/12/02 16:51:37 
==================================================Finished:1==================================================
struct { *simulator.Job; *simulator.JobMeta }{
    Job: &simulator.Job{
        jobName:         "job2",
        executionDetail: &simulator.JobExecutionDetail{
            jobName:         "job2",
            executionRanges: {
                &simulator.GPU{gpuID:1, gpuType:"V100"}: {
                    &simulator.JobExecutionRange{
                        gpu:               &simulator.GPU{(CYCLIC REFERENCE)},
                        jobName:           "job2",
                        timeRange:         &simulator.TimeRange{start:3, end:9},
                        completenessRatio: 1,
                    },
                },
            },
        },
        firstExecutionTime:  3,
        finishExecutionTime: 9,
        remainingRatio:      0,
        isRunning:           false,
    },
    JobMeta: &simulator.JobMeta{
        jobName:    "job2",
        submitTime: 0,
        ddl:        7,
        durations:  {"T4":12, "V100":6},
    },
}===============================================================================================================
2021/12/02 16:51:37 
TimePassed for 1.000000 seconds, finished jobs count: 2. 
cluster info: 
&struct { Now simulator.Time; GPU2JobQueueLength map[*simulator.GPU]int }{
    Now:                10,
    GPU2JobQueueLength: {&simulator.GPU{gpuID:0, gpuType:"T4"}:0, &simulator.GPU{gpuID:1, gpuType:"V100"}:0},
}.
2021/12/02 16:51:37 
==================================================Finished:2==================================================
struct { *simulator.Job; *simulator.JobMeta }{
    Job: &simulator.Job{
        jobName:         "job1",
        executionDetail: &simulator.JobExecutionDetail{
            jobName:         "job1",
            executionRanges: {
                &simulator.GPU{gpuID:0, gpuType:"T4"}: {
                    &simulator.JobExecutionRange{
                        gpu:               &simulator.GPU{(CYCLIC REFERENCE)},
                        jobName:           "job1",
                        timeRange:         &simulator.TimeRange{start:0, end:10},
                        completenessRatio: 1,
                    },
                },
            },
        },
        firstExecutionTime:  0,
        finishExecutionTime: 10,
        remainingRatio:      0,
        isRunning:           false,
    },
    JobMeta: &simulator.JobMeta{
        jobName:    "job1",
        submitTime: 0,
        ddl:        12,
        durations:  {"T4":10, "V100":5},
    },
}===============================================================================================================
2021/12/02 16:51:37 simulation completed, scheduler = [Scheduler], finished job count = [3], avg jct = [7.333333], violated job count = [1], avg violate delay = [0.666667] avg queuing delay = [1.000000] 
2021/12/02 16:51:37 logger exit.
